SF:lib/src/sheet.dart
DA:20,1
DA:67,1
DA:85,1
DA:88,0
DA:107,0
DA:178,1
DA:179,1
DA:223,0
DA:227,1
DA:229,1
DA:230,1
DA:232,2
DA:234,2
DA:236,2
DA:237,2
DA:239,2
DA:241,1
DA:250,2
DA:252,4
DA:253,1
DA:255,1
DA:256,1
DA:259,1
DA:260,1
DA:261,1
DA:262,1
DA:263,1
DA:267,1
DA:268,1
DA:269,1
DA:270,1
DA:271,1
DA:272,1
DA:273,1
DA:275,1
DA:276,1
DA:278,1
DA:279,1
DA:281,1
DA:296,0
DA:300,0
DA:302,0
DA:303,0
DA:304,0
DA:305,0
DA:309,0
DA:311,0
DA:312,0
DA:313,0
DA:314,0
DA:316,0
DA:318,0
DA:320,0
DA:321,0
DA:322,0
DA:327,0
DA:335,1
DA:336,1
DA:340,1
DA:342,1
DA:343,3
DA:344,1
DA:361,1
DA:363,1
DA:369,0
DA:371,1
DA:372,1
DA:373,2
DA:374,1
DA:375,3
DA:376,3
DA:382,3
DA:383,2
DA:388,0
DA:390,0
DA:393,1
DA:395,1
DA:396,1
DA:399,1
DA:401,1
DA:402,1
DA:405,1
DA:412,2
DA:413,1
DA:421,1
DA:423,2
DA:425,3
DA:426,1
DA:428,1
DA:432,1
DA:433,2
DA:435,1
DA:436,2
DA:443,0
DA:444,0
DA:450,1
DA:452,1
DA:453,0
DA:456,0
DA:457,0
DA:463,0
DA:465,0
DA:466,0
DA:469,0
DA:471,0
DA:472,0
DA:475,0
DA:477,0
DA:478,0
DA:483,0
DA:485,0
DA:489,0
DA:508,1
DA:515,1
DA:524,1
DA:525,2
DA:527,2
DA:529,1
DA:531,3
DA:533,3
DA:536,1
DA:539,4
DA:543,1
DA:544,3
DA:545,3
DA:548,1
DA:550,3
DA:551,1
DA:555,0
DA:556,0
DA:557,0
DA:560,0
DA:561,0
DA:564,1
DA:565,3
DA:567,2
DA:569,1
DA:571,5
DA:572,1
DA:575,1
DA:577,5
DA:578,1
DA:581,1
DA:583,2
DA:584,2
DA:585,1
DA:588,1
DA:591,1
DA:592,3
DA:594,1
DA:599,1
DA:608,1
DA:609,1
DA:610,1
DA:619,1
DA:621,1
DA:622,1
DA:623,1
DA:624,1
DA:625,1
DA:626,1
DA:627,1
DA:631,1
DA:636,2
DA:637,2
DA:638,2
DA:639,2
DA:640,2
DA:641,2
DA:648,1
DA:657,1
DA:658,1
DA:659,1
DA:660,1
DA:668,1
DA:671,2
DA:673,1
DA:674,1
DA:675,2
DA:676,0
DA:677,0
DA:680,3
DA:682,2
DA:684,1
DA:685,1
DA:686,2
DA:687,4
DA:688,1
DA:689,4
DA:690,1
DA:694,2
DA:696,0
DA:697,0
DA:698,0
DA:699,0
DA:700,0
DA:704,2
DA:706,1
DA:707,1
DA:708,2
DA:709,0
DA:710,0
DA:716,2
DA:718,1
DA:719,1
DA:720,2
DA:721,0
DA:722,0
DA:723,0
DA:727,1
DA:728,7
DA:729,4
DA:730,1
DA:731,1
DA:732,5
DA:733,0
DA:734,0
DA:735,0
DA:737,1
DA:738,1
DA:741,1
DA:745,4
DA:748,1
DA:750,1
DA:751,3
DA:754,1
DA:756,3
DA:757,1
DA:760,1
DA:763,2
DA:765,1
DA:766,2
DA:767,0
DA:768,0
DA:772,2
DA:774,1
DA:775,2
DA:776,0
DA:777,0
DA:781,1
DA:782,1
DA:783,1
DA:784,1
DA:785,0
DA:786,1
DA:787,2
DA:791,1
DA:792,1
DA:793,1
DA:796,1
DA:797,1
DA:798,2
DA:799,1
DA:800,1
DA:801,1
DA:802,0
DA:803,1
DA:804,4
DA:810,2
DA:821,0
DA:823,0
DA:826,0
DA:828,0
DA:831,0
DA:833,0
DA:836,0
DA:838,0
DA:846,0
DA:848,0
DA:849,0
DA:851,0
DA:854,1
DA:856,1
DA:857,1
DA:858,0
DA:860,2
DA:861,2
DA:862,2
DA:865,1
DA:867,4
DA:872,1
DA:875,1
DA:876,1
DA:878,2
DA:879,2
DA:882,3
DA:883,4
DA:886,4
DA:888,1
DA:889,1
DA:890,1
DA:891,1
DA:892,0
DA:893,1
DA:894,5
DA:895,0
DA:896,0
DA:897,0
DA:898,0
DA:902,1
DA:903,1
DA:904,2
DA:905,2
DA:906,8
DA:907,8
DA:910,1
DA:912,1
DA:913,1
DA:915,1
DA:916,3
DA:919,3
DA:920,3
DA:921,1
DA:923,2
DA:925,1
DA:926,2
DA:929,2
DA:930,1
DA:938,1
DA:940,2
DA:941,1
DA:944,1
DA:946,1
DA:947,3
DA:950,1
DA:952,2
DA:953,2
DA:957,1
DA:959,1
DA:960,1
DA:961,1
DA:963,1
DA:964,5
DA:965,2
DA:972,0
DA:975,0
DA:976,0
DA:977,0
DA:980,0
DA:981,0
DA:982,0
DA:988,0
DA:989,0
DA:990,0
DA:991,0
DA:992,0
DA:993,0
DA:995,0
DA:996,0
DA:997,0
DA:998,0
DA:1000,0
DA:1001,0
DA:1002,0
DA:1003,0
DA:1005,0
DA:1006,0
DA:1007,0
DA:1008,0
DA:1012,0
DA:1013,0
DA:1014,0
DA:1015,0
DA:1018,0
DA:1050,1
DA:1052,1
DA:1053,1
DA:1054,1
DA:1055,1
DA:1056,2
DA:1057,4
DA:1058,2
DA:1059,4
DA:1061,0
DA:1062,0
DA:1063,0
DA:1064,0
DA:1065,0
DA:1066,0
LF:379
LH:259
end_of_record
SF:lib/src/widgets/min_interaction.dart
DA:12,1
DA:16,1
DA:22,1
DA:24,3
DA:27,1
DA:31,2
DA:32,2
DA:37,1
DA:42,2
DA:43,1
DA:45,2
DA:46,1
DA:50,2
DA:51,1
DA:53,2
DA:54,1
DA:57,1
DA:60,1
DA:61,1
DA:63,9
DA:65,1
DA:66,4
DA:68,1
DA:69,4
DA:71,1
DA:73,9
DA:76,1
LF:27
LH:27
end_of_record
SF:lib/src/widgets/resizable_sheet.dart
DA:16,1
DA:22,1
DA:28,1
DA:30,1
DA:31,1
DA:32,1
DA:33,1
DA:37,1
DA:42,2
DA:43,2
DA:44,2
DA:49,1
DA:57,1
DA:59,2
DA:61,1
DA:62,2
DA:63,4
DA:64,1
DA:65,4
DA:66,1
DA:67,1
DA:70,2
DA:72,1
DA:73,2
DA:74,1
DA:75,1
DA:78,2
DA:80,1
DA:81,2
DA:82,1
DA:83,1
DA:84,1
DA:87,1
DA:88,1
DA:89,1
DA:90,1
DA:93,1
DA:95,1
DA:96,3
DA:99,1
DA:101,3
DA:102,1
DA:105,1
DA:107,2
DA:111,1
DA:112,2
DA:113,1
DA:116,3
DA:117,1
DA:123,4
DA:125,2
DA:126,1
DA:129,2
DA:130,2
DA:135,2
DA:136,2
DA:137,8
DA:138,1
DA:140,3
DA:141,1
LF:60
LH:60
end_of_record
SF:lib/src/widgets/scroll_to_top_status_handler.dart
DA:8,1
DA:11,1
DA:15,1
DA:16,1
DA:20,1
DA:22,1
DA:25,1
DA:27,1
DA:29,1
DA:30,2
DA:31,1
DA:35,3
DA:36,1
DA:37,1
DA:38,1
DA:40,2
DA:51,1
DA:52,1
DA:53,1
DA:54,1
LF:20
LH:20
end_of_record
SF:lib/src/physics.dart
DA:15,1
DA:21,2
DA:22,1
DA:24,1
DA:26,2
DA:34,3
DA:35,1
DA:37,1
DA:39,2
DA:46,2
DA:49,1
DA:53,1
DA:55,1
DA:56,2
DA:59,1
DA:61,1
DA:62,3
DA:73,1
DA:74,3
DA:76,1
DA:78,2
DA:79,4
DA:81,1
DA:86,4
DA:88,4
DA:90,1
DA:91,2
DA:92,2
DA:96,1
DA:97,4
DA:98,3
DA:99,1
DA:101,3
DA:104,1
DA:109,2
DA:111,1
DA:112,1
DA:113,1
DA:114,1
DA:116,1
DA:117,1
DA:119,1
DA:122,1
DA:124,2
DA:125,2
DA:126,2
DA:127,1
DA:128,2
DA:129,2
DA:131,2
DA:135,1
DA:138,1
DA:144,1
DA:148,1
DA:151,1
DA:152,1
DA:153,1
DA:159,1
DA:161,1
DA:162,1
DA:166,1
DA:172,1
DA:173,1
DA:188,1
DA:190,2
DA:191,5
DA:197,1
DA:204,3
DA:206,1
DA:208,1
DA:210,2
DA:213,1
DA:215,2
DA:216,3
DA:217,2
DA:218,3
DA:219,2
DA:220,0
DA:221,2
DA:222,3
DA:223,2
DA:224,3
DA:225,2
DA:226,2
DA:237,1
DA:240,1
DA:241,1
DA:243,0
DA:244,0
DA:245,0
DA:246,0
DA:247,0
DA:248,0
DA:249,0
DA:250,0
DA:252,0
DA:262,0
DA:264,0
DA:266,0
DA:268,0
DA:271,0
DA:273,0
DA:274,0
DA:275,0
DA:276,0
DA:277,0
DA:278,0
DA:280,0
DA:284,0
DA:287,0
DA:293,0
DA:294,0
DA:295,0
DA:296,0
DA:297,0
DA:298,0
DA:302,0
DA:305,0
DA:306,0
DA:308,0
DA:309,0
DA:310,0
DA:311,0
DA:312,0
DA:313,0
DA:314,0
DA:315,0
DA:317,0
DA:321,0
DA:324,0
DA:326,0
DA:328,0
DA:329,0
DA:349,3
DA:353,1
DA:368,1
DA:370,1
DA:371,1
DA:372,1
DA:373,1
DA:377,0
DA:379,0
DA:380,0
DA:383,1
DA:385,1
DA:388,5
DA:390,5
DA:391,0
DA:392,2
DA:393,2
DA:394,0
DA:397,5
DA:400,1
DA:408,1
DA:409,1
DA:410,2
DA:411,1
DA:413,1
DA:415,1
DA:422,1
DA:425,1
DA:426,3
DA:427,1
DA:429,3
DA:435,1
DA:436,2
DA:439,4
DA:440,1
DA:441,7
DA:445,1
DA:449,1
DA:450,1
DA:451,1
DA:456,1
DA:457,3
DA:458,0
DA:460,4
DA:463,1
DA:465,2
DA:466,1
DA:467,1
DA:470,1
DA:472,1
DA:473,1
DA:474,3
DA:475,1
DA:485,1
LF:187
LH:134
end_of_record
SF:lib/src/scroll_controller.dart
DA:20,1
DA:24,1
DA:31,0
DA:37,0
DA:41,0
DA:47,0
DA:49,0
DA:52,0
DA:55,0
DA:72,0
DA:80,0
DA:90,0
DA:92,0
DA:94,0
DA:97,0
DA:98,0
DA:99,0
DA:101,0
DA:105,0
DA:107,0
DA:110,0
DA:111,0
DA:112,0
DA:114,0
DA:115,0
DA:116,0
DA:118,0
DA:121,0
DA:122,0
DA:126,0
DA:128,0
DA:129,0
DA:130,0
DA:132,0
DA:133,0
DA:138,0
DA:142,0
DA:149,0
DA:151,0
DA:152,0
DA:153,0
DA:154,0
DA:156,0
DA:160,0
DA:162,0
DA:163,0
DA:164,0
DA:167,0
DA:168,0
DA:169,0
DA:171,0
DA:172,0
DA:177,0
DA:181,0
DA:187,0
LF:55
LH:2
end_of_record
SF:lib/src/scrollable.dart
DA:46,1
DA:59,1
DA:60,1
DA:61,1
DA:62,1
DA:63,1
DA:64,1
DA:217,3
DA:219,1
DA:220,1
DA:222,1
DA:224,1
DA:225,3
DA:226,3
DA:227,3
DA:240,1
DA:242,1
DA:243,1
DA:248,0
DA:256,0
DA:265,0
DA:267,0
DA:268,0
DA:276,0
DA:277,0
DA:278,0
DA:281,0
DA:282,0
DA:283,0
DA:284,0
DA:291,1
DA:296,1
DA:297,1
DA:298,1
DA:303,1
DA:305,3
DA:327,1
DA:328,1
DA:334,1
DA:335,2
DA:341,2
DA:343,1
DA:344,3
DA:347,1
DA:348,3
DA:349,4
DA:350,2
DA:351,5
DA:352,2
DA:353,1
DA:354,6
DA:356,1
DA:358,2
DA:362,2
DA:365,3
DA:366,1
DA:367,1
DA:369,3
DA:372,1
DA:374,2
DA:375,1
DA:376,2
DA:377,0
DA:382,1
DA:384,1
DA:385,2
DA:388,3
DA:391,1
DA:393,2
DA:394,2
DA:395,1
DA:398,1
DA:400,1
DA:401,1
DA:404,0
DA:406,0
DA:408,0
DA:411,1
DA:413,2
DA:414,1
DA:415,3
DA:417,3
DA:418,0
DA:419,0
DA:420,0
DA:423,0
DA:426,1
DA:428,1
DA:430,4
DA:431,0
DA:434,0
DA:435,0
DA:436,0
DA:437,0
DA:438,0
DA:441,0
DA:442,0
DA:445,0
DA:449,0
DA:452,2
DA:455,1
DA:457,2
DA:458,4
DA:460,3
DA:461,2
DA:464,2
DA:465,2
DA:466,1
DA:473,1
DA:476,2
DA:477,3
DA:494,1
DA:497,2
DA:498,4
DA:500,1
DA:504,1
DA:506,2
DA:507,1
DA:508,2
DA:509,1
DA:511,2
DA:512,1
DA:514,2
DA:515,2
DA:516,2
DA:517,2
DA:518,2
DA:519,3
DA:520,3
DA:521,3
DA:522,1
DA:523,3
DA:524,3
DA:529,0
DA:530,0
DA:532,0
DA:534,0
DA:535,0
DA:537,0
DA:538,0
DA:539,0
DA:540,0
DA:541,0
DA:542,0
DA:543,0
DA:544,0
DA:545,0
DA:546,0
DA:547,0
DA:554,1
DA:555,3
DA:556,2
DA:557,2
DA:558,2
DA:561,1
DA:564,1
DA:567,2
DA:568,1
DA:569,2
DA:570,0
DA:571,0
DA:572,0
DA:576,1
DA:577,2
DA:579,1
DA:580,1
DA:587,1
DA:588,1
DA:589,1
DA:590,4
DA:593,1
DA:597,1
DA:598,4
DA:599,1
DA:600,1
DA:603,1
DA:605,1
DA:606,2
DA:609,1
DA:611,1
DA:612,2
DA:613,1
DA:616,1
DA:619,1
DA:620,1
DA:621,1
DA:622,1
DA:623,1
DA:626,1
DA:627,1
DA:630,1
DA:631,1
DA:638,0
DA:639,0
DA:640,0
DA:641,0
DA:647,0
DA:648,0
DA:649,0
DA:650,0
DA:652,0
DA:653,0
DA:658,0
DA:659,0
DA:660,0
DA:663,0
DA:665,0
DA:667,0
DA:668,0
DA:669,0
DA:674,0
DA:675,0
DA:676,0
DA:678,0
DA:679,0
DA:680,0
DA:686,1
DA:688,1
DA:697,1
DA:699,1
DA:701,1
DA:702,1
DA:703,1
DA:704,1
DA:705,1
DA:707,2
DA:708,1
DA:709,2
DA:710,1
DA:711,2
DA:712,3
DA:713,1
DA:719,4
DA:727,2
DA:728,1
DA:729,1
DA:731,1
DA:732,2
DA:733,2
DA:740,1
DA:742,1
DA:743,3
DA:745,3
DA:748,1
DA:749,2
DA:751,1
DA:752,2
DA:770,1
DA:776,1
DA:777,1
DA:778,1
DA:784,1
DA:786,1
DA:787,1
DA:788,1
DA:789,1
DA:793,1
DA:797,2
DA:798,2
DA:799,2
DA:804,1
DA:812,1
DA:813,1
DA:814,2
DA:818,2
DA:820,1
DA:821,1
DA:822,2
DA:823,3
DA:824,1
DA:825,3
DA:826,1
DA:830,2
DA:832,1
DA:833,2
DA:834,1
DA:835,1
DA:838,2
DA:840,1
DA:841,2
DA:842,0
DA:843,0
DA:846,1
DA:848,1
DA:849,1
DA:850,2
DA:852,2
DA:853,3
DA:854,3
DA:855,3
DA:856,2
DA:862,1
DA:865,1
DA:866,2
DA:867,1
DA:871,0
DA:872,0
DA:873,0
DA:874,0
DA:877,0
DA:878,0
DA:879,0
DA:880,0
DA:881,0
DA:882,0
DA:884,0
DA:885,0
DA:886,0
DA:889,0
DA:890,0
DA:891,0
DA:892,0
DA:895,1
DA:897,1
DA:898,1
DA:925,1
DA:952,0
DA:955,0
DA:956,0
DA:976,0
DA:979,0
DA:980,0
DA:993,1
DA:996,1
DA:998,1
DA:1001,0
DA:1006,0
DA:1008,0
DA:1011,1
DA:1012,1
LF:330
LH:229
end_of_record
