TN:
SF:lib/src/physics.dart
FNF:0
FNH:0
DA:14,0
DA:20,1
DA:21,0
DA:28,2
DA:29,0
DA:35,0
DA:38,0
DA:42,0
DA:44,0
DA:45,0
DA:48,0
DA:50,0
DA:61,0
DA:62,0
DA:64,0
DA:67,0
DA:68,0
DA:70,0
DA:75,0
DA:77,0
DA:79,0
DA:80,0
DA:81,0
DA:85,0
DA:86,0
DA:87,0
DA:88,0
DA:90,0
DA:93,0
DA:98,0
DA:100,0
DA:101,0
DA:102,0
DA:103,0
DA:105,0
DA:106,0
DA:108,0
DA:111,0
DA:113,0
DA:114,0
DA:115,0
DA:116,0
DA:117,0
DA:118,0
DA:120,0
DA:124,0
DA:127,0
DA:133,0
DA:134,0
DA:135,0
DA:136,0
DA:137,0
DA:138,0
DA:139,0
DA:140,0
DA:141,0
DA:142,0
DA:143,0
DA:144,0
DA:145,0
DA:146,0
DA:147,0
DA:151,0
DA:154,0
DA:155,0
DA:156,0
DA:157,0
DA:158,0
DA:160,0
DA:161,0
DA:171,0
DA:172,0
DA:187,0
DA:189,0
DA:190,0
DA:196,0
DA:203,8
DA:205,2
DA:207,2
DA:209,4
DA:212,2
DA:214,4
DA:215,6
DA:216,0
DA:217,6
DA:218,4
DA:219,0
DA:220,4
DA:221,0
DA:222,0
DA:223,6
DA:224,4
DA:225,0
DA:229,2
DA:234,3
DA:254,4
DA:258,2
DA:273,2
DA:275,2
DA:276,2
DA:277,2
DA:278,2
DA:282,0
DA:284,0
DA:285,0
DA:288,2
DA:290,2
DA:293,10
DA:295,7
DA:296,0
DA:297,4
DA:298,2
DA:299,0
DA:302,10
DA:305,2
DA:310,8
DA:311,8
DA:312,2
DA:313,2
DA:314,2
DA:315,4
DA:316,6
DA:321,2
DA:324,2
DA:325,2
DA:326,2
DA:328,6
DA:334,2
DA:335,4
DA:338,8
DA:339,2
DA:340,14
DA:344,2
DA:348,2
DA:349,2
DA:350,2
DA:355,2
DA:356,6
DA:357,0
DA:359,8
DA:362,2
DA:364,2
DA:365,2
DA:366,2
DA:369,2
DA:371,2
DA:372,2
DA:373,6
DA:374,2
DA:384,3
LF:150
LH:65
end_of_record
TN:
SF:lib/src/scroll_controller.dart
FNF:0
FNH:0
DA:23,3
DA:27,3
DA:34,0
DA:40,0
DA:44,0
DA:48,0
DA:50,0
DA:67,0
DA:75,0
DA:85,0
DA:87,0
DA:89,0
DA:92,0
DA:93,0
DA:94,0
DA:99,0
DA:101,0
DA:102,0
DA:103,0
DA:104,0
DA:105,0
DA:107,0
DA:111,0
DA:113,0
DA:116,0
DA:118,0
DA:119,0
DA:120,0
DA:122,0
DA:123,0
DA:128,0
DA:132,0
DA:138,0
DA:139,0
DA:142,0
DA:143,0
DA:144,0
DA:145,0
DA:147,0
DA:148,0
DA:149,0
DA:151,0
DA:152,0
DA:157,0
DA:161,0
DA:167,0
LF:46
LH:2
end_of_record
TN:
SF:lib/src/scrollable.dart
FNF:0
FNH:0
DA:46,3
DA:59,0
DA:60,0
DA:61,0
DA:62,0
DA:63,0
DA:64,3
DA:217,9
DA:219,3
DA:220,3
DA:222,0
DA:224,0
DA:225,0
DA:226,0
DA:227,0
DA:240,3
DA:242,3
DA:243,3
DA:248,0
DA:256,0
DA:265,0
DA:267,0
DA:268,0
DA:276,0
DA:277,0
DA:278,0
DA:281,0
DA:282,0
DA:283,0
DA:284,0
DA:291,3
DA:296,0
DA:297,0
DA:298,3
DA:303,1
DA:305,3
DA:327,6
DA:333,3
DA:334,6
DA:340,2
DA:342,3
DA:343,8
DA:346,3
DA:347,9
DA:348,12
DA:349,6
DA:350,10
DA:351,4
DA:352,2
DA:353,12
DA:355,3
DA:357,2
DA:361,2
DA:364,9
DA:365,3
DA:366,3
DA:368,9
DA:371,3
DA:373,6
DA:374,3
DA:375,6
DA:376,0
DA:381,3
DA:383,3
DA:384,6
DA:387,9
DA:390,3
DA:392,6
DA:393,4
DA:394,3
DA:397,3
DA:399,3
DA:400,3
DA:403,0
DA:405,0
DA:407,0
DA:410,1
DA:412,2
DA:413,1
DA:414,3
DA:416,3
DA:417,0
DA:418,0
DA:419,0
DA:422,0
DA:425,1
DA:427,1
DA:429,4
DA:430,0
DA:433,0
DA:434,0
DA:435,0
DA:436,0
DA:437,0
DA:440,0
DA:441,0
DA:444,0
DA:448,0
DA:451,2
DA:454,3
DA:456,6
DA:457,4
DA:459,6
DA:460,4
DA:463,6
DA:464,6
DA:465,3
DA:472,3
DA:475,6
DA:476,9
DA:493,3
DA:496,6
DA:497,8
DA:499,2
DA:503,2
DA:505,6
DA:506,3
DA:507,6
DA:508,3
DA:510,6
DA:511,3
DA:513,6
DA:514,6
DA:515,6
DA:516,6
DA:517,6
DA:518,9
DA:519,9
DA:520,9
DA:521,3
DA:522,9
DA:523,9
DA:528,0
DA:529,0
DA:531,0
DA:533,0
DA:534,0
DA:536,0
DA:537,0
DA:538,0
DA:539,0
DA:540,0
DA:541,0
DA:542,0
DA:543,0
DA:544,0
DA:545,0
DA:546,0
DA:553,3
DA:554,9
DA:555,6
DA:556,6
DA:557,6
DA:560,3
DA:563,3
DA:566,6
DA:567,3
DA:568,6
DA:569,0
DA:570,0
DA:571,0
DA:575,3
DA:576,6
DA:578,3
DA:579,3
DA:586,2
DA:587,2
DA:588,2
DA:589,8
DA:592,2
DA:596,2
DA:597,8
DA:598,2
DA:599,2
DA:602,2
DA:604,2
DA:605,4
DA:608,2
DA:610,2
DA:611,4
DA:612,2
DA:615,2
DA:618,2
DA:619,2
DA:620,2
DA:621,2
DA:622,2
DA:625,2
DA:626,2
DA:629,2
DA:630,2
DA:637,0
DA:638,0
DA:639,0
DA:640,0
DA:646,0
DA:647,0
DA:648,0
DA:649,0
DA:651,0
DA:652,0
DA:657,0
DA:658,0
DA:659,0
DA:662,0
DA:664,0
DA:666,0
DA:667,0
DA:668,0
DA:673,0
DA:674,0
DA:675,0
DA:677,0
DA:678,0
DA:679,0
DA:685,3
DA:687,3
DA:696,3
DA:698,3
DA:700,3
DA:701,3
DA:702,3
DA:703,3
DA:704,3
DA:706,6
DA:707,3
DA:708,6
DA:709,3
DA:710,6
DA:711,9
DA:712,3
DA:718,12
DA:726,6
DA:727,3
DA:728,3
DA:730,3
DA:731,6
DA:732,6
DA:739,0
DA:741,0
DA:742,0
DA:744,0
DA:747,3
DA:748,6
DA:750,3
DA:751,6
DA:769,3
DA:775,0
DA:776,0
DA:777,3
DA:783,3
DA:785,3
DA:786,3
DA:787,3
DA:788,3
DA:792,1
DA:796,2
DA:797,2
DA:798,2
DA:803,3
DA:811,0
DA:812,3
DA:813,6
DA:817,6
DA:819,1
DA:820,0
DA:821,2
DA:822,3
DA:823,1
DA:824,3
DA:825,1
DA:829,6
DA:831,1
DA:832,2
DA:833,0
DA:834,0
DA:837,6
DA:839,1
DA:840,2
DA:841,0
DA:842,0
DA:845,3
DA:847,3
DA:848,3
DA:849,6
DA:851,6
DA:852,9
DA:853,9
DA:854,9
DA:855,6
DA:861,3
DA:864,3
DA:865,2
DA:866,3
DA:870,0
DA:871,0
DA:872,0
DA:873,0
DA:876,0
DA:877,0
DA:878,0
DA:879,0
DA:880,0
DA:881,0
DA:883,0
DA:884,0
DA:885,0
DA:888,0
DA:889,0
DA:890,0
DA:891,0
DA:894,3
DA:896,3
DA:897,3
DA:924,6
DA:951,0
DA:954,0
DA:955,0
DA:975,0
DA:978,0
DA:979,0
DA:992,3
DA:995,3
DA:997,3
DA:1000,0
DA:1005,0
DA:1007,0
DA:1010,3
DA:1011,3
LF:329
LH:206
end_of_record
TN:
SF:lib/src/sheet.dart
FNF:0
FNH:0
DA:18,6
DA:62,3
DA:80,3
DA:83,0
DA:102,0
DA:173,1
DA:174,1
DA:218,0
DA:222,3
DA:224,3
DA:225,3
DA:227,6
DA:229,6
DA:231,6
DA:232,6
DA:234,6
DA:236,3
DA:246,9
DA:247,3
DA:249,3
DA:250,3
DA:251,3
DA:253,3
DA:254,3
DA:255,3
DA:256,3
DA:257,3
DA:261,3
DA:262,3
DA:263,3
DA:264,3
DA:265,3
DA:266,3
DA:267,3
DA:269,3
DA:270,3
DA:272,3
DA:273,3
DA:275,3
DA:290,0
DA:294,0
DA:296,0
DA:297,0
DA:298,0
DA:299,0
DA:303,0
DA:305,0
DA:306,0
DA:307,0
DA:308,0
DA:310,0
DA:312,0
DA:314,0
DA:315,0
DA:316,0
DA:321,0
DA:329,3
DA:330,3
DA:334,3
DA:336,3
DA:337,9
DA:338,3
DA:355,3
DA:357,3
DA:363,0
DA:365,3
DA:366,3
DA:367,6
DA:368,3
DA:369,9
DA:370,9
DA:376,9
DA:377,6
DA:382,0
DA:384,0
DA:387,3
DA:389,3
DA:390,3
DA:393,3
DA:395,3
DA:396,3
DA:399,3
DA:406,6
DA:407,3
DA:415,1
DA:417,2
DA:419,3
DA:420,1
DA:422,1
DA:426,1
DA:427,2
DA:429,1
DA:430,2
DA:433,0
DA:435,0
DA:452,3
DA:459,3
DA:468,3
DA:469,6
DA:471,6
DA:473,1
DA:475,2
DA:477,3
DA:480,1
DA:483,4
DA:487,1
DA:488,2
DA:489,3
DA:492,2
DA:494,6
DA:495,2
DA:499,0
DA:500,0
DA:501,0
DA:504,0
DA:505,0
DA:508,3
DA:509,9
DA:511,6
DA:513,2
DA:515,6
DA:516,10
DA:517,2
DA:520,2
DA:522,6
DA:523,10
DA:524,2
DA:527,3
DA:529,6
DA:530,6
DA:531,3
DA:536,3
DA:545,0
DA:546,0
DA:547,3
DA:556,3
DA:558,3
DA:559,3
DA:560,3
DA:561,3
DA:562,3
DA:563,3
DA:564,3
DA:568,1
DA:573,2
DA:574,2
DA:575,2
DA:576,2
DA:577,2
DA:578,2
DA:586,3
DA:595,0
DA:596,0
DA:597,0
DA:598,0
DA:606,3
DA:609,6
DA:611,1
DA:612,0
DA:613,2
DA:614,0
DA:615,0
DA:618,9
DA:620,6
DA:622,1
DA:623,0
DA:624,2
DA:625,4
DA:626,1
DA:627,4
DA:628,1
DA:632,2
DA:634,0
DA:635,0
DA:636,0
DA:637,0
DA:638,0
DA:642,6
DA:644,1
DA:645,0
DA:646,2
DA:647,0
DA:648,0
DA:654,6
DA:656,1
DA:657,0
DA:658,2
DA:659,0
DA:660,0
DA:661,0
DA:665,3
DA:666,12
DA:667,0
DA:668,0
DA:669,0
DA:671,3
DA:672,3
DA:674,3
DA:675,3
DA:678,3
DA:682,12
DA:685,3
DA:687,3
DA:688,9
DA:691,3
DA:693,9
DA:694,3
DA:697,3
DA:700,6
DA:702,1
DA:703,2
DA:704,0
DA:705,0
DA:709,6
DA:711,1
DA:712,2
DA:713,0
DA:714,0
DA:718,3
DA:719,3
DA:720,3
DA:721,3
DA:722,0
DA:723,3
DA:724,6
DA:728,3
DA:729,3
DA:730,3
DA:733,3
DA:734,3
DA:735,3
DA:736,0
DA:737,3
DA:738,3
DA:739,3
DA:740,0
DA:741,3
DA:742,12
DA:749,0
DA:750,0
DA:751,0
DA:752,0
DA:753,0
DA:754,0
DA:758,0
DA:760,0
DA:763,0
DA:765,0
DA:768,0
DA:770,0
DA:773,0
DA:775,0
DA:783,0
DA:785,0
DA:786,0
DA:789,0
DA:790,0
DA:793,3
DA:795,3
DA:796,3
DA:797,0
DA:799,3
DA:800,0
DA:801,0
DA:802,0
DA:804,6
DA:806,9
DA:807,9
DA:809,6
DA:811,0
DA:814,3
DA:817,3
DA:818,3
DA:820,6
DA:821,6
DA:824,9
DA:825,12
DA:828,12
DA:830,3
DA:831,3
DA:832,3
DA:833,3
DA:834,0
DA:835,3
DA:836,15
DA:837,0
DA:838,0
DA:839,0
DA:840,0
DA:844,3
DA:845,3
DA:846,6
DA:847,6
DA:848,24
DA:849,24
DA:852,3
DA:854,3
DA:855,3
DA:857,3
DA:858,9
DA:861,9
DA:862,9
DA:863,3
DA:865,6
DA:867,3
DA:868,6
DA:871,4
DA:872,2
DA:880,3
DA:882,6
DA:883,3
DA:886,2
DA:888,2
DA:889,6
DA:892,1
DA:894,2
DA:895,2
DA:899,2
DA:901,2
DA:902,2
DA:903,2
DA:905,2
DA:906,8
DA:907,4
DA:914,0
DA:917,0
DA:918,0
DA:919,0
DA:922,0
DA:923,0
DA:924,0
DA:930,0
DA:931,0
DA:932,0
DA:933,0
DA:934,0
DA:935,0
DA:937,0
DA:938,0
DA:939,0
DA:940,0
DA:942,0
DA:943,0
DA:944,0
DA:945,0
DA:947,0
DA:948,0
DA:949,0
DA:950,0
DA:954,0
DA:955,0
DA:956,0
DA:957,0
DA:960,0
DA:967,0
DA:968,0
DA:976,0
DA:979,0
DA:984,0
DA:991,1
DA:993,1
DA:994,1
DA:995,1
DA:996,1
DA:997,2
DA:998,4
DA:999,2
DA:1000,4
DA:1002,0
DA:1003,0
DA:1004,0
DA:1005,0
DA:1006,0
DA:1007,0
LF:374
LH:242
end_of_record
TN:
SF:lib/src/widgets/min_interaction.dart
FNF:0
FNH:0
DA:14,4
DA:18,4
DA:24,4
DA:26,12
DA:29,2
DA:32,4
DA:33,4
DA:38,4
DA:43,2
DA:44,2
DA:46,4
DA:47,1
DA:51,2
DA:52,2
DA:54,4
DA:55,1
DA:58,1
DA:61,1
DA:62,1
DA:63,9
DA:65,1
DA:66,4
DA:68,1
DA:69,4
DA:71,1
DA:72,9
DA:75,1
LF:27
LH:27
end_of_record
TN:
SF:lib/src/widgets/resizable_sheet.dart
FNF:0
FNH:0
DA:15,4
DA:21,4
DA:27,4
DA:29,4
DA:30,4
DA:31,4
DA:32,4
DA:36,2
DA:41,4
DA:42,4
DA:43,4
DA:48,4
DA:56,4
DA:58,2
DA:60,2
DA:61,4
DA:62,8
DA:63,2
DA:64,8
DA:65,2
DA:66,1
DA:69,8
DA:71,2
DA:72,4
DA:73,1
DA:74,1
DA:77,4
DA:79,2
DA:80,4
DA:81,1
DA:82,1
DA:83,1
DA:86,3
DA:87,3
DA:88,1
DA:89,1
DA:92,4
DA:94,4
DA:95,12
DA:98,4
DA:100,12
DA:101,4
DA:104,4
DA:106,8
DA:110,4
DA:111,8
DA:112,4
DA:115,12
DA:116,4
DA:122,8
DA:124,4
DA:125,2
DA:128,4
DA:129,4
DA:134,4
DA:135,2
DA:136,8
DA:137,1
DA:139,3
DA:140,1
LF:60
LH:60
end_of_record
TN:
SF:lib/src/widgets/scroll_to_top_status_handler.dart
FNF:0
FNH:0
DA:8,4
DA:11,4
DA:15,4
DA:16,4
DA:20,4
DA:22,4
DA:25,4
DA:27,4
DA:29,4
DA:30,8
DA:31,4
DA:35,10
DA:36,4
DA:37,4
DA:38,4
DA:40,2
DA:51,1
DA:52,1
DA:53,1
DA:54,1
LF:20
LH:20
end_of_record
